-------------------------------------------------------------------------------
Test set: com.epam.junit.SwapLast2CharsTest
-------------------------------------------------------------------------------
Tests run: 1, Failures: 1, Errors: 0, Skipped: 0, Time elapsed: 0.051 s <<< FAILURE! - in com.epam.junit.SwapLast2CharsTest
test  Time elapsed: 0.045 s  <<< FAILURE!
org.opentest4j.AssertionFailedError: Not yet implemented
	at com.epam.junit.SwapLast2CharsTest.test(SwapLast2CharsTest.java:11)

